<?xml version="1.0" encoding="UTF-8"?>
<!-- Generated by org.testng.reporters.JUnitXMLReporter -->
<testsuite hostname="JIVOXLAPMAC0034.local" ignored="0" name="Test2" tests="4" failures="1" timestamp="17 May 2020 07:54:07 GMT" time="0.012" errors="0">
  <testcase name="test2" time="0.002" classname="ExecuteFailedTestCases.Test2">
    <skipped/>
  </testcase> <!-- test2 -->
  <testcase name="test2" time="0.001" classname="ExecuteFailedTestCases.Test2">
    <skipped/>
  </testcase> <!-- test2 -->
  <testcase name="test2" time="0.001" classname="ExecuteFailedTestCases.Test2">
    <skipped/>
  </testcase> <!-- test2 -->
  <testcase name="test2" time="0.001" classname="ExecuteFailedTestCases.Test2">
    <failure type="java.lang.AssertionError" message="expected [true] but found [false]">
      <![CDATA[java.lang.AssertionError: expected [true] but found [false]
	at ExecuteFailedTestCases.Test2.test2(Test2.java:10)
... Removed 29 stack frames]]>
    </failure>
  </testcase> <!-- test2 -->
</testsuite> <!-- Test2 -->
