<?xml version="1.0" encoding="UTF-8"?>
<!-- Generated by org.testng.reporters.JUnitXMLReporter -->
<testsuite hostname="JIVOXLAPMAC0034.local" ignored="0" name="Nobroker" tests="1" failures="0" timestamp="15 Apr 2020 16:04:24 GMT" time="5.115" errors="0">
  <testcase name="@BeforeSuite beforeTest" time="0.0" classname="com.nt.test.FlightBookingTest">
    <failure type="org.testng.TestNGException" message="
Method beforeTest requires 2 parameters but 1 were supplied in the BeforeSuite annotation.">
      <![CDATA[org.testng.TestNGException: 
Method beforeTest requires 2 parameters but 1 were supplied in the BeforeSuite annotation.
... Removed 17 stack frames]]>
    </failure>
  </testcase> <!-- @BeforeSuite beforeTest -->
  <testcase name="loginToSite" time="0.0" classname="com.nt.test.FlightBookingTest">
    <skipped/>
  </testcase> <!-- loginToSite -->
</testsuite> <!-- Nobroker -->
