<?xml version="1.0" encoding="UTF-8"?>
<!-- Generated by org.testng.reporters.JUnitReportReporter -->
<testsuite skipped="4" hostname="JIVOXLAPMAC0034.local" name="com.nt.test.FlightBookingTest" tests="7" failures="0" timestamp="18 Apr 2020 11:21:27 GMT" time="16.037" errors="1">
  <testcase name="loginToSite" time="9.301" classname="com.nt.test.FlightBookingTest"/>
  <testcase name="bookFlight" time="6.713" classname="com.nt.test.FlightBookingTest"/>
  <testcase name="bookFlight" time="0.023" classname="com.nt.test.FlightBookingTest">
    <error type="org.openqa.selenium.support.ui.UnexpectedTagNameException" message="Element should have been &quot;select&quot; but was &quot;input&quot;
Build info: version: &#039;3.14.0&#039;, revision: &#039;aacccce0&#039;, time: &#039;2018-08-02T20:19:58.91Z&#039;
System info: host: &#039;JIVOXLAPMAC0034.local&#039;, ip: &#039;fe80:0:0:0:10ab:eb9f:5391:55e9%en0&#039;, os.name: &#039;Mac OS X&#039;, os.arch: &#039;x86_64&#039;, os.version: &#039;10.15.4&#039;, java.version: &#039;1.8.0_221&#039;
Driver info: driver.version: unknown">
      <![CDATA[org.openqa.selenium.support.ui.UnexpectedTagNameException: Element should have been "select" but was "input"
Build info: version: '3.14.0', revision: 'aacccce0', time: '2018-08-02T20:19:58.91Z'
System info: host: 'JIVOXLAPMAC0034.local', ip: 'fe80:0:0:0:10ab:eb9f:5391:55e9%en0', os.name: 'Mac OS X', os.arch: 'x86_64', os.version: '10.15.4', java.version: '1.8.0_221'
Driver info: driver.version: unknown
	at org.openqa.selenium.support.ui.Select.<init>(Select.java:47)
	at com.nt.base.UIBase.selectClass(UIBase.java:77)
	at com.nt.actions.FlightBookingUIActions.bookFlight(FlightBookingUIActions.java:41)
	at com.nt.test.FlightBookingTest.bookFlight(FlightBookingTest.java:47)
	at sun.reflect.NativeMethodAccessorImpl.invoke0(Native Method)
	at sun.reflect.NativeMethodAccessorImpl.invoke(NativeMethodAccessorImpl.java:62)
	at sun.reflect.DelegatingMethodAccessorImpl.invoke(DelegatingMethodAccessorImpl.java:43)
	at java.lang.reflect.Method.invoke(Method.java:498)
	at org.testng.internal.MethodInvocationHelper.invokeMethod(MethodInvocationHelper.java:108)
	at org.testng.internal.Invoker.invokeMethod(Invoker.java:661)
	at org.testng.internal.Invoker.invokeTestMethod(Invoker.java:869)
	at org.testng.internal.Invoker.invokeTestMethods(Invoker.java:1193)
	at org.testng.internal.TestMethodWorker.invokeTestMethods(TestMethodWorker.java:126)
	at org.testng.internal.TestMethodWorker.run(TestMethodWorker.java:109)
	at org.testng.TestRunner.privateRun(TestRunner.java:744)
	at org.testng.TestRunner.run(TestRunner.java:602)
	at org.testng.SuiteRunner.runTest(SuiteRunner.java:380)
	at org.testng.SuiteRunner.runSequentially(SuiteRunner.java:375)
	at org.testng.SuiteRunner.privateRun(SuiteRunner.java:340)
	at org.testng.SuiteRunner.run(SuiteRunner.java:289)
	at org.testng.SuiteRunnerWorker.runSuite(SuiteRunnerWorker.java:52)
	at org.testng.SuiteRunnerWorker.run(SuiteRunnerWorker.java:86)
	at org.testng.TestNG.runSuitesSequentially(TestNG.java:1301)
	at org.testng.TestNG.runSuitesLocally(TestNG.java:1226)
	at org.testng.TestNG.runSuites(TestNG.java:1144)
	at org.testng.TestNG.run(TestNG.java:1115)
	at org.testng.remote.AbstractRemoteTestNG.run(AbstractRemoteTestNG.java:115)
	at org.testng.remote.RemoteTestNG.initAndRun(RemoteTestNG.java:251)
	at org.testng.remote.RemoteTestNG.main(RemoteTestNG.java:77)
]]>
    </error>
  </testcase> <!-- bookFlight -->
  <testcase name="selectFlightMinPrice" time="0.000" classname="com.nt.test.FlightBookingTest">
    <skipped/>
  </testcase> <!-- selectFlightMinPrice -->
  <testcase name="enterPassengerData" time="0.000" classname="com.nt.test.FlightBookingTest">
    <skipped/>
  </testcase> <!-- enterPassengerData -->
  <testcase name="billingAddress" time="0.000" classname="com.nt.test.FlightBookingTest">
    <skipped/>
  </testcase> <!-- billingAddress -->
  <testcase name="deliveryAddress" time="0.000" classname="com.nt.test.FlightBookingTest">
    <skipped/>
  </testcase> <!-- deliveryAddress -->
</testsuite> <!-- com.nt.test.FlightBookingTest -->
